Build started 30/03/2014 00:32:01.
     1>Project "C:\Users\Meetch\documents\visual studio 2012\Projects\Data Structures CW 2\Data Structures CW 2.vcxproj" on node 2 (Build target(s)).
     1>ClCompile:
         C:\Program Files (x86)\Microsoft Visual Studio 11.0\VC\bin\CL.exe /c /ZI /nologo /W3 /WX- /sdl /Od /Oy- /D WIN32 /D _DEBUG /D _CONSOLE /D _UNICODE /D UNICODE /Gm /EHsc /RTC1 /MDd /GS /fp:precise /Zc:wchar_t /Zc:forScope /Fo"Debug\\" /Fd"Debug\vc110.pdb" /Gd /TP /analyze- /errorReport:prompt PopTart.cpp PopTartDispenser.cpp StateSetup.cpp States.cpp
         States.cpp
     1>c:\users\meetch\documents\visual studio 2012\projects\data structures cw 2\states.cpp(241): warning C4018: '<' : signed/unsigned mismatch
         StateSetup.cpp
     1>c:\users\meetch\documents\visual studio 2012\projects\data structures cw 2\statesetup.cpp(104): warning C4018: '<' : signed/unsigned mismatch
     1>c:\users\meetch\documents\visual studio 2012\projects\data structures cw 2\statesetup.cpp(135): warning C4018: '<' : signed/unsigned mismatch
         PopTartDispenser.cpp
         PopTart.cpp
     1>c:\users\meetch\documents\visual studio 2012\projects\data structures cw 2\poptart.cpp(55): warning C4018: '<' : signed/unsigned mismatch
     1>c:\users\meetch\documents\visual studio 2012\projects\data structures cw 2\poptart.cpp(61): warning C4018: '<' : signed/unsigned mismatch
         Generating Code...
     1>c:\users\meetch\documents\visual studio 2012\projects\data structures cw 2\statesetup.cpp(97): warning C4715: 'Functionality::handleUserEntry' : not all control paths return a value
       Link:
         C:\Program Files (x86)\Microsoft Visual Studio 11.0\VC\bin\link.exe /ERRORREPORT:PROMPT /OUT:"C:\Users\Meetch\documents\visual studio 2012\Projects\Data Structures CW 2\Debug\Data Structures CW 2.exe" /INCREMENTAL /NOLOGO kernel32.lib user32.lib gdi32.lib winspool.lib comdlg32.lib advapi32.lib shell32.lib ole32.lib oleaut32.lib uuid.lib odbc32.lib odbccp32.lib /MANIFEST /MANIFESTUAC:"level='asInvoker' uiAccess='false'" /manifest:embed /DEBUG /PDB:"C:\Users\Meetch\documents\visual studio 2012\Projects\Data Structures CW 2\Debug\Data Structures CW 2.pdb" /SUBSYSTEM:CONSOLE /TLBID:1 /DYNAMICBASE /NXCOMPAT /IMPLIB:"C:\Users\Meetch\documents\visual studio 2012\Projects\Data Structures CW 2\Debug\Data Structures CW 2.lib" /MACHINE:X86 Debug\main.obj
         Debug\PopTart.obj
         Debug\PopTartDispenser.obj
         Debug\States.obj
         Debug\StateSetup.obj
         Data Structures CW 2.vcxproj -> C:\Users\Meetch\documents\visual studio 2012\Projects\Data Structures CW 2\Debug\Data Structures CW 2.exe
     1>Done Building Project "C:\Users\Meetch\documents\visual studio 2012\Projects\Data Structures CW 2\Data Structures CW 2.vcxproj" (Build target(s)).

Build succeeded.

Time Elapsed 00:00:06.62
