C:\USERS\MEETCH\DOCUMENTS\VISUAL STUDIO 2012\PROJECTS\DATA STRUCTURES CW 2\DEBUG\MAIN.OBJ
C:\USERS\MEETCH\DOCUMENTS\VISUAL STUDIO 2012\PROJECTS\DATA STRUCTURES CW 2\DEBUG\POPTART.OBJ
C:\USERS\MEETCH\DOCUMENTS\VISUAL STUDIO 2012\PROJECTS\DATA STRUCTURES CW 2\DEBUG\POPTARTDISPENSER.OBJ
C:\USERS\MEETCH\DOCUMENTS\VISUAL STUDIO 2012\PROJECTS\DATA STRUCTURES CW 2\DEBUG\STATES.OBJ
C:\USERS\MEETCH\DOCUMENTS\VISUAL STUDIO 2012\PROJECTS\DATA STRUCTURES CW 2\DEBUG\STATESETUP.OBJ
C:\USERS\MEETCH\DOCUMENTS\VISUAL STUDIO 2012\PROJECTS\DATA STRUCTURES CW 2\DEBUG\VC110.PDB
C:\USERS\MEETCH\DOCUMENTS\VISUAL STUDIO 2012\PROJECTS\DATA STRUCTURES CW 2\DEBUG\DATA STRUCTURES CW 2.ILK
C:\USERS\MEETCH\DOCUMENTS\VISUAL STUDIO 2012\PROJECTS\DATA STRUCTURES CW 2\DEBUG\DATA STRUCTURES CW 2.EXE
C:\USERS\MEETCH\DOCUMENTS\VISUAL STUDIO 2012\PROJECTS\DATA STRUCTURES CW 2\DEBUG\DATA STRUCTURES CW 2.PDB
C:\Users\Meetch\documents\visual studio 2012\Projects\Data Structures CW 2\Debug\main.obj
C:\Users\Meetch\documents\visual studio 2012\Projects\Data Structures CW 2\Debug\PopTart.obj
C:\Users\Meetch\documents\visual studio 2012\Projects\Data Structures CW 2\Debug\PopTartDispenser.obj
C:\Users\Meetch\documents\visual studio 2012\Projects\Data Structures CW 2\Debug\States.obj
C:\Users\Meetch\documents\visual studio 2012\Projects\Data Structures CW 2\Debug\StateSetup.obj
C:\Users\Meetch\documents\visual studio 2012\Projects\Data Structures CW 2\Debug\Data Structures CW 2.ilk
C:\Users\Meetch\documents\visual studio 2012\Projects\Data Structures CW 2\Debug\cl.command.1.tlog
C:\Users\Meetch\documents\visual studio 2012\Projects\Data Structures CW 2\Debug\CL.read.1.tlog
C:\Users\Meetch\documents\visual studio 2012\Projects\Data Structures CW 2\Debug\CL.write.1.tlog
C:\Users\Meetch\documents\visual studio 2012\Projects\Data Structures CW 2\Debug\link-cvtres.read.1.tlog
C:\Users\Meetch\documents\visual studio 2012\Projects\Data Structures CW 2\Debug\link-cvtres.write.1.tlog
C:\Users\Meetch\documents\visual studio 2012\Projects\Data Structures CW 2\Debug\link-rc.read.1.tlog
C:\Users\Meetch\documents\visual studio 2012\Projects\Data Structures CW 2\Debug\link-rc.write.1.tlog
C:\Users\Meetch\documents\visual studio 2012\Projects\Data Structures CW 2\Debug\link.3504-cvtres.read.1.tlog
C:\Users\Meetch\documents\visual studio 2012\Projects\Data Structures CW 2\Debug\link.3504-cvtres.write.1.tlog
C:\Users\Meetch\documents\visual studio 2012\Projects\Data Structures CW 2\Debug\link.3504-rc.read.1.tlog
C:\Users\Meetch\documents\visual studio 2012\Projects\Data Structures CW 2\Debug\link.3504-rc.write.1.tlog
C:\Users\Meetch\documents\visual studio 2012\Projects\Data Structures CW 2\Debug\link.3504.read.1.tlog
C:\Users\Meetch\documents\visual studio 2012\Projects\Data Structures CW 2\Debug\link.3504.write.1.tlog
C:\Users\Meetch\documents\visual studio 2012\Projects\Data Structures CW 2\Debug\link.9288-cvtres.read.1.tlog
C:\Users\Meetch\documents\visual studio 2012\Projects\Data Structures CW 2\Debug\link.9288-cvtres.write.1.tlog
C:\Users\Meetch\documents\visual studio 2012\Projects\Data Structures CW 2\Debug\link.9288-rc.read.1.tlog
C:\Users\Meetch\documents\visual studio 2012\Projects\Data Structures CW 2\Debug\link.9288-rc.write.1.tlog
C:\Users\Meetch\documents\visual studio 2012\Projects\Data Structures CW 2\Debug\link.9288.read.1.tlog
C:\Users\Meetch\documents\visual studio 2012\Projects\Data Structures CW 2\Debug\link.9288.write.1.tlog
C:\Users\Meetch\documents\visual studio 2012\Projects\Data Structures CW 2\Debug\link.command.1.tlog
C:\Users\Meetch\documents\visual studio 2012\Projects\Data Structures CW 2\Debug\link.read.1.tlog
C:\Users\Meetch\documents\visual studio 2012\Projects\Data Structures CW 2\Debug\link.write.1.tlog
C:\Users\Meetch\documents\visual studio 2012\Projects\Data Structures CW 2\Debug\vc110.idb
C:\Users\Meetch\documents\visual studio 2012\Projects\Data Structures CW 2\Debug\Data Structures CW 2.pdb
C:\Users\Meetch\documents\visual studio 2012\Projects\Data Structures CW 2\Debug\vc110.pdb
C:\Users\Meetch\documents\visual studio 2012\Projects\Data Structures CW 2\Debug\Data Structures CW 2.exe
